mode: set
oops/main/internal/PlacementRegistrar.go:36.68,38.33 2 0
oops/main/internal/PlacementRegistrar.go:38.33,39.32 1 0
oops/main/internal/PlacementRegistrar.go:39.32,44.4 4 0
oops/main/internal/PlacementRegistrar.go:46.2,46.22 1 0
oops/main/internal/PlacementRegistrar.go:49.74,51.34 2 0
oops/main/internal/PlacementRegistrar.go:51.34,54.36 3 0
oops/main/internal/PlacementRegistrar.go:54.36,55.41 1 0
oops/main/internal/PlacementRegistrar.go:55.41,57.5 1 0
oops/main/internal/PlacementRegistrar.go:59.3,59.37 1 0
oops/main/internal/PlacementRegistrar.go:59.37,60.58 1 0
oops/main/internal/PlacementRegistrar.go:60.58,62.5 1 0
oops/main/internal/PlacementRegistrar.go:64.3,66.54 3 0
oops/main/internal/PlacementRegistrar.go:68.2,68.25 1 0
oops/main/internal/PlacementRegistrar.go:71.71,76.36 5 0
oops/main/internal/PlacementRegistrar.go:76.36,77.29 1 0
oops/main/internal/PlacementRegistrar.go:77.29,79.4 1 0
oops/main/internal/PlacementRegistrar.go:81.2,82.35 2 0
oops/main/internal/PlacementRegistrar.go:82.35,84.13 2 0
oops/main/internal/PlacementRegistrar.go:85.12,86.30 1 0
oops/main/internal/PlacementRegistrar.go:87.14,88.32 1 0
oops/main/internal/PlacementRegistrar.go:89.19,90.37 1 0
oops/main/internal/PlacementRegistrar.go:91.16,92.34 1 0
oops/main/internal/PlacementRegistrar.go:95.2,96.15 2 0
oops/main/internal/PlacementRegistrar.go:99.51,101.33 2 0
oops/main/internal/PlacementRegistrar.go:101.33,103.3 1 0
oops/main/internal/PlacementRegistrar.go:104.2,104.18 1 0
oops/main/internal/PlacementRegistrar.go:107.60,109.2 1 0
oops/main/internal/PlacementRegistrar.go:111.72,112.30 1 0
oops/main/internal/PlacementRegistrar.go:112.30,113.31 1 0
oops/main/internal/PlacementRegistrar.go:113.31,115.4 1 0
oops/main/internal/PlacementRegistrar.go:117.2,117.63 1 0
oops/main/internal/PlacementRegistrar.go:120.76,121.30 1 0
oops/main/internal/PlacementRegistrar.go:121.30,122.46 1 0
oops/main/internal/PlacementRegistrar.go:122.46,125.4 2 0
oops/main/internal/PlacementRegistrar.go:127.2,127.72 1 0
oops/main/internal/PlacementRegistrar.go:130.84,131.30 1 0
oops/main/internal/PlacementRegistrar.go:131.30,132.38 1 0
oops/main/internal/PlacementRegistrar.go:132.38,136.4 2 0
oops/main/internal/PlacementRegistrar.go:138.2,138.62 1 0
oops/main/internal/PlacementRegistrar.go:141.80,142.31 1 1
oops/main/internal/PlacementRegistrar.go:142.31,143.41 1 1
oops/main/internal/PlacementRegistrar.go:143.41,145.4 1 1
oops/main/internal/PlacementRegistrar.go:147.2,147.69 1 0
oops/main/internal/PlacementRegistrar.go:150.69,151.30 1 1
oops/main/internal/PlacementRegistrar.go:151.30,152.33 1 1
oops/main/internal/PlacementRegistrar.go:152.33,154.4 1 1
oops/main/internal/PlacementRegistrar.go:156.2,156.63 1 0
oops/main/internal/PlacementRegistrar.go:159.81,161.16 2 1
oops/main/internal/PlacementRegistrar.go:161.16,163.3 1 0
oops/main/internal/PlacementRegistrar.go:165.2,165.34 1 1
oops/main/internal/PlacementRegistrar.go:165.34,166.42 1 1
oops/main/internal/PlacementRegistrar.go:166.42,169.4 2 1
oops/main/internal/PlacementRegistrar.go:171.2,171.96 1 0
oops/main/internal/PlacementRegistrar.go:174.86,176.16 2 1
oops/main/internal/PlacementRegistrar.go:176.16,178.3 1 0
oops/main/internal/PlacementRegistrar.go:179.2,180.16 2 1
oops/main/internal/PlacementRegistrar.go:180.16,182.3 1 0
oops/main/internal/PlacementRegistrar.go:184.2,184.33 1 1
oops/main/internal/PlacementRegistrar.go:184.33,186.3 1 0
oops/main/internal/PlacementRegistrar.go:188.2,188.52 1 1
oops/main/internal/PlacementRegistrar.go:188.52,190.3 1 0
oops/main/internal/PlacementRegistrar.go:192.2,202.31 4 1
oops/main/internal/PlacementRegistrar.go:202.31,203.41 1 1
oops/main/internal/PlacementRegistrar.go:203.41,205.9 2 1
oops/main/internal/PlacementRegistrar.go:208.2,208.12 1 1
oops/main/internal/PlacementRegistrar.go:211.115,212.33 1 0
oops/main/internal/PlacementRegistrar.go:212.33,214.61 2 0
oops/main/internal/PlacementRegistrar.go:214.61,217.4 2 0
oops/main/internal/PlacementRegistrar.go:219.2,219.108 1 0
oops/main/internal/academicRecord.go:10.55,15.2 1 0
oops/main/internal/academicRecord.go:17.78,18.35 1 0
oops/main/internal/academicRecord.go:18.35,20.3 1 0
oops/main/internal/academicRecord.go:21.2,22.20 2 0
oops/main/internal/academicRecord.go:25.43,27.41 2 0
oops/main/internal/academicRecord.go:27.41,28.50 1 0
oops/main/internal/academicRecord.go:28.50,33.4 4 0
oops/main/internal/academicRecord.go:35.2,35.22 1 0
oops/main/internal/academicRecord.go:35.22,37.3 1 0
oops/main/internal/applicant.go:14.61,16.2 1 0
oops/main/internal/applicant.go:18.91,21.39 3 0
oops/main/internal/applicant.go:21.39,22.38 1 0
oops/main/internal/applicant.go:22.38,23.64 1 0
oops/main/internal/applicant.go:23.64,26.5 2 0
oops/main/internal/applicant.go:29.2,29.21 1 0
oops/main/internal/applicant.go:32.50,34.21 2 0
oops/main/internal/applicant.go:34.21,36.3 1 0
oops/main/internal/applicant.go:36.8,38.3 1 0
oops/main/internal/applicant.go:41.49,43.2 1 0
oops/main/internal/applicant.go:45.55,47.2 1 1
oops/main/internal/applicant.go:49.58,51.2 1 0
oops/main/internal/applicant.go:53.74,56.38 2 1
oops/main/internal/applicant.go:56.38,57.47 1 0
oops/main/internal/applicant.go:57.47,58.41 1 0
oops/main/internal/applicant.go:58.41,59.42 1 0
oops/main/internal/applicant.go:59.42,60.33 1 0
oops/main/internal/applicant.go:60.33,62.7 1 0
oops/main/internal/applicant.go:67.2,68.31 2 1
oops/main/internal/applicant.go:68.31,70.3 1 0
oops/main/internal/applicant.go:71.2,71.18 1 1
oops/main/internal/applicant.go:74.82,76.2 1 0
oops/main/internal/application.go:20.34,22.2 1 0
oops/main/internal/application.go:24.52,26.2 1 0
oops/main/internal/company.go:9.47,14.2 1 1
oops/main/internal/company.go:16.28,18.2 1 1
oops/main/internal/company.go:20.33,22.2 1 0
oops/main/internal/company.go:24.37,26.2 1 1
oops/main/internal/company.go:28.42,30.2 1 0
oops/main/internal/course.go:8.44,10.2 1 0
oops/main/internal/courseResult.go:12.139,21.2 1 0
oops/main/internal/drive.go:30.39,32.2 1 1
oops/main/internal/drive.go:57.54,59.2 1 1
oops/main/internal/drive.go:61.133,63.2 1 1
oops/main/internal/drive.go:66.46,68.2 1 0
oops/main/internal/drive.go:70.58,72.2 1 0
oops/main/internal/drive.go:74.68,76.2 1 1
oops/main/internal/drive.go:80.26,82.2 1 1
oops/main/internal/drive.go:84.39,86.2 1 0
oops/main/internal/drive.go:88.37,90.2 1 0
oops/main/internal/drive.go:92.35,94.2 1 0
oops/main/internal/drive.go:96.44,98.2 1 1
oops/main/internal/drive.go:100.27,102.2 1 0
oops/main/internal/drive.go:104.43,106.2 1 0
oops/main/internal/drive.go:108.47,110.2 1 1
oops/main/internal/drive.go:114.52,116.2 1 0
oops/main/internal/drive.go:118.48,120.2 1 0
oops/main/internal/drive.go:122.47,124.2 1 0
oops/main/internal/drive.go:126.53,128.2 1 0
oops/main/internal/drive.go:130.34,132.2 1 0
oops/main/internal/drive.go:134.53,136.2 1 0
oops/main/internal/drive.go:138.62,140.2 1 1
oops/main/internal/drive.go:144.49,145.36 1 1
oops/main/internal/drive.go:145.36,146.34 1 0
oops/main/internal/drive.go:146.34,148.4 1 0
oops/main/internal/drive.go:150.2,150.14 1 1
oops/main/internal/drive.go:153.67,154.36 1 0
oops/main/internal/drive.go:154.36,155.19 1 0
oops/main/internal/drive.go:155.19,157.4 1 0
oops/main/internal/drive.go:159.2,159.60 1 0
oops/main/internal/drive.go:162.59,164.40 2 0
oops/main/internal/drive.go:164.40,165.31 1 0
oops/main/internal/drive.go:165.31,167.4 1 0
oops/main/internal/drive.go:169.2,169.12 1 0
oops/main/internal/drive.go:172.62,174.40 2 1
oops/main/internal/drive.go:174.40,175.34 1 0
oops/main/internal/drive.go:175.34,177.4 1 0
oops/main/internal/drive.go:179.2,179.12 1 1
oops/main/internal/drive.go:183.68,184.37 1 1
oops/main/internal/drive.go:184.37,186.3 1 0
oops/main/internal/drive.go:186.8,188.3 1 1
oops/main/internal/enroll.go:14.78,16.2 1 0
oops/main/internal/enroll.go:18.37,21.2 2 0
oops/main/internal/gpa.go:18.40,20.2 1 0
oops/main/internal/gpa.go:22.78,23.25 1 0
oops/main/internal/gpa.go:23.25,25.3 1 0
oops/main/internal/gpa.go:27.2,28.37 2 0
oops/main/internal/gpa.go:28.37,30.3 1 0
oops/main/internal/gpa.go:31.2,31.40 1 0
oops/main/internal/gpa.go:34.69,35.23 1 0
oops/main/internal/gpa.go:35.23,37.3 1 0
oops/main/internal/gpa.go:37.8,37.29 1 0
oops/main/internal/gpa.go:37.29,39.3 1 0
oops/main/internal/gpa.go:40.2,40.17 1 0
oops/main/internal/grader.go:11.61,13.2 1 1
oops/main/internal/grader.go:19.61,20.27 1 1
oops/main/internal/grader.go:20.27,22.3 1 1
oops/main/internal/grader.go:22.8,24.3 1 1
oops/main/internal/idGenerator.go:3.25,5.19 2 1
oops/main/internal/idGenerator.go:5.19,8.3 2 1
oops/main/internal/registrar.go:16.43,18.2 1 0
oops/main/internal/registrar.go:20.41,22.2 1 0
oops/main/internal/registrar.go:24.42,26.2 1 0
oops/main/internal/registrar.go:28.55,29.34 1 0
oops/main/internal/registrar.go:29.34,30.30 1 0
oops/main/internal/registrar.go:30.30,32.4 1 0
oops/main/internal/registrar.go:36.48,38.2 1 0
oops/main/internal/registrar.go:51.39,54.16 3 0
oops/main/internal/registrar.go:54.16,56.3 1 0
oops/main/internal/registrar.go:57.2,58.16 2 0
oops/main/internal/registrar.go:58.16,60.3 1 0
oops/main/internal/registrar.go:61.2,61.37 1 0
oops/main/internal/registrar.go:61.37,63.3 1 0
oops/main/internal/registrar.go:66.36,69.16 3 0
oops/main/internal/registrar.go:69.16,71.3 1 0
oops/main/internal/registrar.go:73.2,74.16 2 0
oops/main/internal/registrar.go:74.16,76.3 1 0
oops/main/internal/registrar.go:77.2,78.30 2 0
oops/main/internal/registrar.go:78.30,81.3 2 0
oops/main/internal/registrar.go:84.39,85.32 1 0
oops/main/internal/registrar.go:85.32,87.3 1 0
oops/main/internal/registrar.go:90.38,91.31 1 0
oops/main/internal/registrar.go:91.31,93.3 1 0
oops/main/internal/semesterResult.go:27.42,29.2 1 0
oops/main/internal/semesterResult.go:38.65,44.2 1 0
oops/main/internal/semesterResult.go:46.54,47.22 1 0
oops/main/internal/semesterResult.go:47.22,49.3 1 0
oops/main/internal/semesterResult.go:50.2,50.55 1 0
oops/main/internal/semesterResult.go:53.64,56.2 2 0
oops/main/internal/semesterResult.go:58.43,61.36 2 0
oops/main/internal/semesterResult.go:61.36,65.3 3 0
oops/main/internal/semesterResult.go:67.2,67.22 1 0
oops/main/internal/semesterResult.go:67.22,69.3 1 0
oops/main/internal/semesterResult.go:72.73,83.2 2 0
oops/main/internal/student.go:12.46,13.13 1 1
oops/main/internal/student.go:13.13,14.39 1 1
oops/main/internal/student.go:16.2,16.36 1 1
oops/main/internal/student.go:19.32,19.49 1 1
oops/main/internal/student.go:20.32,20.47 1 1
oops/main/internal/student.go:22.28,24.2 1 1
oops/main/internal/student_placement_service.go:17.88,23.2 1 0
oops/main/internal/student_placement_service.go:41.66,43.57 2 1
oops/main/internal/student_placement_service.go:43.57,44.40 1 1
oops/main/internal/student_placement_service.go:44.40,46.43 2 1
oops/main/internal/student_placement_service.go:46.43,48.10 2 1
oops/main/internal/student_placement_service.go:52.2,53.38 2 1
oops/main/internal/student_placement_service.go:53.38,55.3 1 1
oops/main/internal/student_placement_service.go:56.2,56.18 1 1
oops/main/internal/student_placement_service.go:59.66,63.2 2 1
oops/main/internal/student_placement_service.go:66.85,68.2 1 1
oops/main/internal/student_placement_service.go:71.49,74.2 2 1
oops/main/internal/student_placement_service.go:77.52,79.2 1 1
oops/main/internal/student_placement_service.go:82.63,84.33 2 1
oops/main/internal/student_placement_service.go:84.33,85.17 1 0
oops/main/internal/student_placement_service.go:85.17,87.4 1 0
oops/main/internal/student_placement_service.go:107.48,109.2 1 1
oops/main/internal/student_placement_service.go:112.53,114.2 1 1
oops/main/internal/student_placement_service.go:121.49,123.2 1 1
oops/main/internal/student_placement_service.go:125.56,127.2 1 1
oops/main/internal/student_service.go:11.74,12.29 1 1
oops/main/internal/student_service.go:12.29,13.19 1 1
oops/main/internal/student_service.go:13.19,16.4 2 1
oops/main/internal/student_service.go:18.2,18.40 1 1
oops/main/internal/student_service.go:22.59,23.29 1 1
oops/main/internal/student_service.go:23.29,24.19 1 1
oops/main/internal/student_service.go:24.19,26.4 1 1
oops/main/internal/student_service.go:28.2,28.12 1 1
oops/main/internal/student_service.go:32.68,34.29 2 1
oops/main/internal/student_service.go:34.29,35.23 1 1
oops/main/internal/student_service.go:35.23,37.4 1 1
oops/main/internal/student_service.go:39.2,39.15 1 1
oops/main/internal/student_service.go:43.71,44.29 1 1
oops/main/internal/student_service.go:44.29,45.19 1 1
oops/main/internal/student_service.go:45.19,47.4 1 1
oops/main/internal/student_service.go:49.2,49.50 1 1
oops/main/internal/student_service.go:53.67,56.16 2 1
oops/main/internal/student_service.go:56.16,58.3 1 1
oops/main/internal/student_service.go:60.2,63.16 3 1
oops/main/internal/student_service.go:63.16,65.3 1 0
oops/main/internal/student_service.go:66.2,66.12 1 1
oops/main/internal/student_service.go:70.58,74.2 3 1
