mode: set
Student-portal/internal/academicRecord.go:10.55,15.2 1 0
Student-portal/internal/academicRecord.go:17.78,18.35 1 0
Student-portal/internal/academicRecord.go:18.35,20.3 1 0
Student-portal/internal/academicRecord.go:21.2,22.20 2 0
Student-portal/internal/academicRecord.go:25.43,27.41 2 0
Student-portal/internal/academicRecord.go:27.41,28.50 1 0
Student-portal/internal/academicRecord.go:28.50,33.4 4 0
Student-portal/internal/academicRecord.go:35.2,35.22 1 0
Student-portal/internal/academicRecord.go:35.22,37.3 1 0
Student-portal/internal/attendance.go:11.75,12.31 1 1
Student-portal/internal/attendance.go:12.31,14.3 1 1
Student-portal/internal/attendance.go:15.2,15.36 1 1
Student-portal/internal/attendance.go:19.115,20.26 1 1
Student-portal/internal/attendance.go:20.26,22.93 2 1
Student-portal/internal/attendance.go:22.93,25.4 2 1
Student-portal/internal/course.go:13.69,16.2 1 0
Student-portal/internal/course.go:18.44,20.2 1 1
Student-portal/internal/courseResult.go:12.139,21.2 1 0
Student-portal/internal/docupload.go:16.9,17.53 1 1
Student-portal/internal/docupload.go:17.53,20.40 1 1
Student-portal/internal/docupload.go:20.40,41.4 5 1
Student-portal/internal/docupload.go:44.2,44.86 1 0
Student-portal/internal/enroll.go:25.106,36.2 1 1
Student-portal/internal/enroll.go:38.72,40.2 1 1
Student-portal/internal/enroll.go:42.78,44.2 1 0
Student-portal/internal/enroll.go:50.37,53.2 2 0
Student-portal/internal/gpa.go:18.40,20.2 1 0
Student-portal/internal/gpa.go:22.78,23.25 1 0
Student-portal/internal/gpa.go:23.25,25.3 1 0
Student-portal/internal/gpa.go:27.2,28.37 2 0
Student-portal/internal/gpa.go:28.37,30.3 1 0
Student-portal/internal/gpa.go:31.2,31.40 1 0
Student-portal/internal/gpa.go:34.69,35.23 1 0
Student-portal/internal/gpa.go:35.23,37.3 1 0
Student-portal/internal/gpa.go:37.8,37.29 1 0
Student-portal/internal/gpa.go:37.29,39.3 1 0
Student-portal/internal/gpa.go:40.2,40.17 1 0
Student-portal/internal/grader.go:11.61,13.2 1 1
Student-portal/internal/grader.go:19.61,20.27 1 1
Student-portal/internal/grader.go:20.27,22.3 1 1
Student-portal/internal/grader.go:22.8,24.3 1 1
Student-portal/internal/grader.go:29.57,30.9 1 1
Student-portal/internal/grader.go:31.22,32.18 1 1
Student-portal/internal/grader.go:33.22,34.18 1 0
Student-portal/internal/grader.go:35.22,36.18 1 0
Student-portal/internal/grader.go:37.22,38.18 1 0
Student-portal/internal/grader.go:39.10,40.18 1 0
Student-portal/internal/registrar.go:28.68,30.2 1 1
Student-portal/internal/registrar.go:32.48,33.37 1 0
Student-portal/internal/registrar.go:33.37,35.35 2 0
Student-portal/internal/registrar.go:35.35,37.4 1 0
Student-portal/internal/registrar.go:41.46,43.2 1 1
Student-portal/internal/registrar.go:45.67,47.2 1 1
Student-portal/internal/registrar.go:49.43,51.2 1 0
Student-portal/internal/registrar.go:53.41,55.2 1 0
Student-portal/internal/registrar.go:57.42,59.2 1 0
Student-portal/internal/registrar.go:61.47,63.2 1 1
Student-portal/internal/registrar.go:65.55,66.34 1 0
Student-portal/internal/registrar.go:66.34,67.30 1 0
Student-portal/internal/registrar.go:67.30,69.4 1 0
Student-portal/internal/registrar.go:73.48,75.2 1 0
Student-portal/internal/registrar.go:88.39,91.16 3 0
Student-portal/internal/registrar.go:91.16,93.3 1 0
Student-portal/internal/registrar.go:94.2,95.16 2 0
Student-portal/internal/registrar.go:95.16,97.3 1 0
Student-portal/internal/registrar.go:98.2,98.37 1 0
Student-portal/internal/registrar.go:98.37,100.3 1 0
Student-portal/internal/registrar.go:103.36,106.16 3 0
Student-portal/internal/registrar.go:106.16,108.3 1 0
Student-portal/internal/registrar.go:110.2,111.16 2 0
Student-portal/internal/registrar.go:111.16,113.3 1 0
Student-portal/internal/registrar.go:114.2,115.30 2 0
Student-portal/internal/registrar.go:115.30,118.3 2 0
Student-portal/internal/registrar.go:121.39,122.32 1 0
Student-portal/internal/registrar.go:122.32,124.3 1 0
Student-portal/internal/registrar.go:127.38,128.31 1 0
Student-portal/internal/registrar.go:128.31,130.3 1 0
Student-portal/internal/semesterResult.go:27.42,29.2 1 0
Student-portal/internal/semesterResult.go:38.65,44.2 1 0
Student-portal/internal/semesterResult.go:46.54,47.22 1 0
Student-portal/internal/semesterResult.go:47.22,49.3 1 0
Student-portal/internal/semesterResult.go:50.2,50.55 1 0
Student-portal/internal/semesterResult.go:53.64,56.2 2 0
Student-portal/internal/semesterResult.go:58.43,61.36 2 0
Student-portal/internal/semesterResult.go:61.36,65.3 3 0
Student-portal/internal/semesterResult.go:67.2,67.22 1 0
Student-portal/internal/semesterResult.go:67.22,69.3 1 0
Student-portal/internal/semesterResult.go:72.73,83.2 2 0
Student-portal/internal/student.go:12.46,13.13 1 1
Student-portal/internal/student.go:13.13,14.39 1 0
Student-portal/internal/student.go:16.2,16.36 1 1
Student-portal/internal/student.go:19.32,19.49 1 1
Student-portal/internal/student.go:20.32,20.47 1 1
Student-portal/internal/student.go:22.28,24.2 1 0
Student-portal/internal/teacher.go:11.31,13.2 1 1
Student-portal/internal/teacher.go:16.42,21.2 1 1
Student-portal/internal/teacher_services.go:14.74,15.40 1 1
Student-portal/internal/teacher_services.go:15.40,18.40 1 1
Student-portal/internal/teacher_services.go:18.40,20.48 2 1
Student-portal/internal/teacher_services.go:20.48,22.5 1 1
Student-portal/internal/teacher_services.go:23.4,23.10 1 1
Student-portal/internal/teacher_services.go:26.2,26.45 1 1
Student-portal/internal/teacher_services.go:29.95,30.40 1 1
Student-portal/internal/teacher_services.go:30.40,31.100 1 1
Student-portal/internal/teacher_services.go:31.100,34.18 3 1
Student-portal/internal/teacher_services.go:34.18,36.5 1 0
Student-portal/internal/teacher_services.go:37.4,38.14 2 1
Student-portal/internal/teacher_services.go:41.2,41.86 1 0
Student-portal/internal/teacher_services.go:44.77,46.57 2 1
Student-portal/internal/teacher_services.go:46.57,48.3 1 0
Student-portal/internal/teacher_services.go:50.2,51.29 2 1
Student-portal/internal/teacher_services.go:51.29,53.17 2 1
Student-portal/internal/teacher_services.go:53.17,55.4 1 0
Student-portal/internal/teacher_services.go:58.2,58.19 1 1
Student-portal/internal/teacher_services.go:58.19,60.3 1 0
Student-portal/internal/teacher_services.go:61.2,61.12 1 1
Student-portal/internal/teacher_services.go:64.83,66.40 2 1
Student-portal/internal/teacher_services.go:66.40,67.69 1 1
Student-portal/internal/teacher_services.go:67.69,77.4 2 1
Student-portal/internal/teacher_services.go:79.2,79.23 1 1
Student-portal/internal/teacher_services.go:79.23,81.3 1 0
Student-portal/internal/teacher_services.go:82.2,82.21 1 1
